<?xml version="1.0" encoding="UTF-8"?>
<!-- Generated by org.testng.reporters.JUnitReportReporter -->
<testsuite skipped="0" hostname="Admins-MacBook-Pro-5.local" name="Neha.GoogleTest.SearchGoogleTest" tests="1" failures="0" timestamp="06 Nov 2019 14:31:30 GMT" time="6.967" errors="0">
  <testcase name="searchGoogle" time="6.967" classname="Neha.GoogleTest.SearchGoogleTest"/>
</testsuite> <!-- Neha.GoogleTest.SearchGoogleTest -->
