<?xml version="1.0" encoding="UTF-8"?>
<!-- Generated by org.testng.reporters.JUnitReportReporter -->
<testsuite skipped="0" hostname="Admins-MacBook-Pro-5.local" name="Neha.GoogleTest.NewTest" tests="1" failures="0" timestamp="06 Nov 2019 14:27:59 GMT" time="8.348" errors="0">
  <testcase name="f" time="8.348" classname="Neha.GoogleTest.NewTest"/>
</testsuite> <!-- Neha.GoogleTest.NewTest -->
